Using pre-set license
Built from '2020.3/staging' branch; Version is '2020.3.22f1 (e1a7f79fd887) revision 14788599'; Using compiler version '192528614'; Build Type 'Release'
OS: 'Windows 10 Pro; OS build 22000.318; Version 2009; 64bit' Language: 'en' Physical Memory: 16332 MB
BatchMode: 1, IsHumanControllingUs: 0, StartBugReporterOnCrash: 0, Is64bit: 1, IsPro: 0

COMMAND LINE ARGUMENTS:
C:\Program Files\Unity\Hub\Editor\2020.3.22f1\Editor\Unity.exe
-adb2
-batchMode
-noUpm
-name
AssetImportWorker0
-projectPath
D:/Unity Projects/Repos/Rocket-Survival/Rocket Survival (first game)
-logFile
Logs/AssetImportWorker0.log
-srvPort
49334
Successfully changed project path to: D:/Unity Projects/Repos/Rocket-Survival/Rocket Survival (first game)
D:/Unity Projects/Repos/Rocket-Survival/Rocket Survival (first game)
Using Asset Import Pipeline V2.
Refreshing native plugins compatible for Editor in 38.74 ms, found 2 plugins.
Preloading 0 native plugins for Editor in 0.00 ms.
Initialize engine version: 2020.3.22f1 (e1a7f79fd887)
[Subsystems] Discovering subsystems at path C:/Program Files/Unity/Hub/Editor/2020.3.22f1/Editor/Data/Resources/UnitySubsystems
[Subsystems] Discovering subsystems at path D:/Unity Projects/Repos/Rocket-Survival/Rocket Survival (first game)/Assets
GfxDevice: creating device client; threaded=0
Direct3D:
    Version:  Direct3D 11.0 [level 11.1]
    Renderer: NVIDIA GeForce RTX 2070 SUPER (ID=0x1e84)
    Vendor:   
    VRAM:     8012 MB
    Driver:   27.21.14.5671
Initialize mono
Mono path[0] = 'C:/Program Files/Unity/Hub/Editor/2020.3.22f1/Editor/Data/Managed'
Mono path[1] = 'C:/Program Files/Unity/Hub/Editor/2020.3.22f1/Editor/Data/MonoBleedingEdge/lib/mono/unityjit'
Mono config path = 'C:/Program Files/Unity/Hub/Editor/2020.3.22f1/Editor/Data/MonoBleedingEdge/etc'
Using monoOptions --debugger-agent=transport=dt_socket,embedding=1,server=y,suspend=n,address=127.0.0.1:56216
Begin MonoManager ReloadAssembly
Registering precompiled unity dll's ...
Register platform support module: C:/Program Files/Unity/Hub/Editor/2020.3.22f1/Editor/Data/PlaybackEngines/WebGLSupport/UnityEditor.WebGL.Extensions.dll
Register platform support module: C:/Program Files/Unity/Hub/Editor/2020.3.22f1/Editor/Data/PlaybackEngines/WindowsStandaloneSupport/UnityEditor.WindowsStandalone.Extensions.dll
Registered in 0.002232 seconds.
Native extension for WindowsStandalone target not found
Native extension for WebGL target not found
Refreshing native plugins compatible for Editor in 41.73 ms, found 2 plugins.
Preloading 0 native plugins for Editor in 0.00 ms.
Mono: successfully reloaded assembly
- Completed reload, in  2.565 seconds
Domain Reload Profiling:
	ReloadAssembly (2566ms)
		BeginReloadAssembly (89ms)
			ExecutionOrderSort (0ms)
			DisableScriptedObjects (0ms)
			BackupInstance (0ms)
			ReleaseScriptingObjects (0ms)
			CreateAndSetChildDomain (2ms)
		EndReloadAssembly (703ms)
			LoadAssemblies (86ms)
			RebuildTransferFunctionScriptingTraits (0ms)
			SetupTypeCache (166ms)
			ReleaseScriptCaches (0ms)
			RebuildScriptCaches (34ms)
			SetupLoadedEditorAssemblies (316ms)
				LogAssemblyErrors (0ms)
				InitializePlatformSupportModulesInManaged (10ms)
				SetLoadedEditorAssemblies (0ms)
				RefreshPlugins (42ms)
				BeforeProcessingInitializeOnLoad (28ms)
				ProcessInitializeOnLoadAttributes (176ms)
				ProcessInitializeOnLoadMethodAttributes (58ms)
				AfterProcessingInitializeOnLoad (0ms)
				EditorAssembliesLoaded (1ms)
			ExecutionOrderSort2 (0ms)
			AwakeInstancesAfterBackupRestoration (0ms)
Platform modules already initialized, skipping
Registering precompiled user dll's ...
Registered in 0.003024 seconds.
Begin MonoManager ReloadAssembly
Native extension for WindowsStandalone target not found
Native extension for WebGL target not found
Refreshing native plugins compatible for Editor in 0.38 ms, found 2 plugins.
Preloading 0 native plugins for Editor in 0.00 ms.
Mono: successfully reloaded assembly
- Completed reload, in  1.545 seconds
Domain Reload Profiling:
	ReloadAssembly (1546ms)
		BeginReloadAssembly (212ms)
			ExecutionOrderSort (0ms)
			DisableScriptedObjects (12ms)
			BackupInstance (0ms)
			ReleaseScriptingObjects (0ms)
			CreateAndSetChildDomain (21ms)
		EndReloadAssembly (1248ms)
			LoadAssemblies (143ms)
			RebuildTransferFunctionScriptingTraits (0ms)
			SetupTypeCache (303ms)
			ReleaseScriptCaches (0ms)
			RebuildScriptCaches (46ms)
			SetupLoadedEditorAssemblies (607ms)
				LogAssemblyErrors (0ms)
				InitializePlatformSupportModulesInManaged (15ms)
				SetLoadedEditorAssemblies (1ms)
				RefreshPlugins (0ms)
				BeforeProcessingInitializeOnLoad (157ms)
				ProcessInitializeOnLoadAttributes (407ms)
				ProcessInitializeOnLoadMethodAttributes (21ms)
				AfterProcessingInitializeOnLoad (7ms)
				EditorAssembliesLoaded (1ms)
			ExecutionOrderSort2 (0ms)
			AwakeInstancesAfterBackupRestoration (15ms)
Platform modules already initialized, skipping
========================================================================
Worker process is ready to serve import requests
Launched and connected shader compiler UnityShaderCompiler.exe after 0.05 seconds
Refreshing native plugins compatible for Editor in 0.37 ms, found 2 plugins.
Preloading 0 native plugins for Editor in 0.00 ms.
Unloading 1490 Unused Serialized files (Serialized files now loaded: 0)
System memory in use before: 68.8 MB.
System memory in use after: 68.8 MB.

Unloading 19 unused Assets to reduce memory usage. Loaded Objects now: 1925.
Total: 3.274500 ms (FindLiveObjects: 0.158500 ms CreateObjectMapping: 0.039800 ms MarkObjects: 2.998100 ms  DeleteObjects: 0.067200 ms)

AssetImportParameters requested are different than current active one (requested -> active):
  custom:framework-win-MediaFoundation: 216162199b28c13a410421893ffa2e32 -> 
  custom:video-decoder-ogg-theora: a1e56fd34408186e4bbccfd4996cb3dc -> 
  custom:container-muxer-webm: aa71ff27fc2769a1b78a27578f13a17b -> 
  custom:container-demuxer-webm: 4f35f7cbe854078d1ac9338744f61a02 -> 
  custom:container-demuxer-ogg: 62fdf1f143b41e24485cea50d1cbac27 -> 
  custom:video-encoder-webm-vp8: eb34c28f22e8b96e1ab97ce403110664 -> 
  custom:video-decoder-webm-vp8: 9c59270c3fd7afecdb556c50c9e8de78 -> 
  custom:audio-decoder-ogg-vorbis: bf7c407c2cedff20999df2af8eb42d56 -> 
  custom:audio-encoder-webm-vorbis: bf7c407c2cedff20999df2af8eb42d56 -> 
========================================================================
Received Import Request.
  path: Assets/Rocket Survival/Scenes/Level 01.unity
  artifactKey: Guid(4e6799db4d02031469a428f2443e7925) Importer(815301076,1909f56bfc062723c751e8b465ee728b)
Start importing Assets/Rocket Survival/Scenes/Level 01.unity using Guid(4e6799db4d02031469a428f2443e7925) Importer(815301076,1909f56bfc062723c751e8b465ee728b)  -> (artifact id: 'd8a9904e8cd4ada5918e44b539efca1b') in 0.022154 seconds 
  Import took 0.024963 seconds .

========================================================================
Received Import Request.
  Time since last request: 491.605039 seconds.
  path: Assets/Rocket Survival/PreFabs/Emissive Cube 1.prefab
  artifactKey: Guid(6643ab4803f2bf1489758356fa00132a) Importer(815301076,1909f56bfc062723c751e8b465ee728b)
Start importing Assets/Rocket Survival/PreFabs/Emissive Cube 1.prefab using Guid(6643ab4803f2bf1489758356fa00132a) Importer(815301076,1909f56bfc062723c751e8b465ee728b)  -> (artifact id: '17fce5a16bc31d4e3e26c3395287e1ac') in 0.146458 seconds 
  Import took 0.149274 seconds .

========================================================================
Received Import Request.
  Time since last request: 2.951056 seconds.
  path: Assets/Rocket Survival/PreFabs/Emissive Cube 2.prefab
  artifactKey: Guid(1132398281d86e14b9f630ce2a62564d) Importer(815301076,1909f56bfc062723c751e8b465ee728b)
Start importing Assets/Rocket Survival/PreFabs/Emissive Cube 2.prefab using Guid(1132398281d86e14b9f630ce2a62564d) Importer(815301076,1909f56bfc062723c751e8b465ee728b)  -> (artifact id: 'ec628fe01b1b35977e1e3330448f1947') in 0.019274 seconds 
  Import took 0.022109 seconds .

========================================================================
Received Prepare
Registering precompiled user dll's ...
Registered in 0.002986 seconds.
Begin MonoManager ReloadAssembly
Native extension for WindowsStandalone target not found
Native extension for WebGL target not found
Refreshing native plugins compatible for Editor in 0.39 ms, found 2 plugins.
Preloading 0 native plugins for Editor in 0.00 ms.
Mono: successfully reloaded assembly
- Completed reload, in  1.492 seconds
Domain Reload Profiling:
	ReloadAssembly (1493ms)
		BeginReloadAssembly (170ms)
			ExecutionOrderSort (0ms)
			DisableScriptedObjects (11ms)
			BackupInstance (0ms)
			ReleaseScriptingObjects (0ms)
			CreateAndSetChildDomain (42ms)
		EndReloadAssembly (1235ms)
			LoadAssemblies (140ms)
			RebuildTransferFunctionScriptingTraits (0ms)
			SetupTypeCache (303ms)
			ReleaseScriptCaches (1ms)
			RebuildScriptCaches (41ms)
			SetupLoadedEditorAssemblies (596ms)
				LogAssemblyErrors (0ms)
				InitializePlatformSupportModulesInManaged (15ms)
				SetLoadedEditorAssemblies (1ms)
				RefreshPlugins (0ms)
				BeforeProcessingInitializeOnLoad (153ms)
				ProcessInitializeOnLoadAttributes (399ms)
				ProcessInitializeOnLoadMethodAttributes (20ms)
				AfterProcessingInitializeOnLoad (7ms)
				EditorAssembliesLoaded (1ms)
			ExecutionOrderSort2 (0ms)
			AwakeInstancesAfterBackupRestoration (16ms)
Platform modules already initialized, skipping
Refreshing native plugins compatible for Editor in 0.41 ms, found 2 plugins.
Preloading 0 native plugins for Editor in 0.00 ms.
Unloading 1484 Unused Serialized files (Serialized files now loaded: 0)
System memory in use before: 71.7 MB.
System memory in use after: 71.8 MB.

Unloading 14 unused Assets to reduce memory usage. Loaded Objects now: 1935.
Total: 3.397500 ms (FindLiveObjects: 0.166200 ms CreateObjectMapping: 0.041600 ms MarkObjects: 3.157600 ms  DeleteObjects: 0.019900 ms)

AssetImportParameters requested are different than current active one (requested -> active):
  custom:framework-win-MediaFoundation: 216162199b28c13a410421893ffa2e32 -> 
  custom:video-decoder-ogg-theora: a1e56fd34408186e4bbccfd4996cb3dc -> 
  custom:container-muxer-webm: aa71ff27fc2769a1b78a27578f13a17b -> 
  custom:container-demuxer-webm: 4f35f7cbe854078d1ac9338744f61a02 -> 
  custom:container-demuxer-ogg: 62fdf1f143b41e24485cea50d1cbac27 -> 
  custom:video-encoder-webm-vp8: eb34c28f22e8b96e1ab97ce403110664 -> 
  custom:video-decoder-webm-vp8: 9c59270c3fd7afecdb556c50c9e8de78 -> 
  custom:audio-decoder-ogg-vorbis: bf7c407c2cedff20999df2af8eb42d56 -> 
  custom:audio-encoder-webm-vorbis: bf7c407c2cedff20999df2af8eb42d56 -> 
========================================================================
Received Import Request.
  Time since last request: 182.770311 seconds.
  path: Assets/Rocket Survival/PreFabs/Area Light.prefab
  artifactKey: Guid(3179c52f425de9f4ba48a11d6852384b) Importer(815301076,1909f56bfc062723c751e8b465ee728b)
Start importing Assets/Rocket Survival/PreFabs/Area Light.prefab using Guid(3179c52f425de9f4ba48a11d6852384b) Importer(815301076,1909f56bfc062723c751e8b465ee728b)  -> (artifact id: 'ea5943f90e45dde2d52d356acdc49abf') in 0.046034 seconds 
  Import took 0.048706 seconds .

========================================================================
Received Import Request.
  Time since last request: 79.538721 seconds.
  path: Assets/Rocket Survival/PreFabs/Area Light.prefab
  artifactKey: Guid(3179c52f425de9f4ba48a11d6852384b) Importer(815301076,1909f56bfc062723c751e8b465ee728b)
Start importing Assets/Rocket Survival/PreFabs/Area Light.prefab using Guid(3179c52f425de9f4ba48a11d6852384b) Importer(815301076,1909f56bfc062723c751e8b465ee728b)  -> (artifact id: 'fa4332eb70075d5b47363065441e596a') in 0.006120 seconds 
  Import took 0.009109 seconds .

========================================================================
Received Import Request.
  Time since last request: 2.007085 seconds.
  path: Assets/Rocket Survival/PreFabs/Area Light.prefab
  artifactKey: Guid(3179c52f425de9f4ba48a11d6852384b) Importer(815301076,1909f56bfc062723c751e8b465ee728b)
Start importing Assets/Rocket Survival/PreFabs/Area Light.prefab using Guid(3179c52f425de9f4ba48a11d6852384b) Importer(815301076,1909f56bfc062723c751e8b465ee728b)  -> (artifact id: '5c5591f42838d2c4da9bea22384a6e04') in 0.005594 seconds 
  Import took 0.008267 seconds .

========================================================================
Received Import Request.
  Time since last request: 9.461934 seconds.
  path: Assets/Rocket Survival/PreFabs/Area Light.prefab
  artifactKey: Guid(3179c52f425de9f4ba48a11d6852384b) Importer(815301076,1909f56bfc062723c751e8b465ee728b)
Start importing Assets/Rocket Survival/PreFabs/Area Light.prefab using Guid(3179c52f425de9f4ba48a11d6852384b) Importer(815301076,1909f56bfc062723c751e8b465ee728b)  -> (artifact id: '06b6e978daf29fbed4b6b4fe1336f6cd') in 0.005835 seconds 
  Import took 0.008768 seconds .

========================================================================
Received Import Request.
  Time since last request: 2.598491 seconds.
  path: Assets/Rocket Survival/PreFabs/Area Light.prefab
  artifactKey: Guid(3179c52f425de9f4ba48a11d6852384b) Importer(815301076,1909f56bfc062723c751e8b465ee728b)
Start importing Assets/Rocket Survival/PreFabs/Area Light.prefab using Guid(3179c52f425de9f4ba48a11d6852384b) Importer(815301076,1909f56bfc062723c751e8b465ee728b)  -> (artifact id: 'ef46a88db0db1816396118cfb5be015b') in 0.005542 seconds 
  Import took 0.008223 seconds .

AssetImportWorkerClient::OnTransportError - code=2 error=End of file
